000 (7118.000.000) 2023-06-22 12:52:27 Job submitted from host: <10.10.1.131:9618?addrs=10.10.1.131-9618&alias=pascal-condor01.l3s.intra&noUDP&sock=schedd_816_495e>
...
040 (7118.000.000) 2023-06-22 12:52:33 Started transferring input files
	Transferring to host: <10.10.1.152:9618?addrs=10.10.1.152-9618&alias=pascal-node02.l3s.intra&noUDP&sock=slot1_1_1258_1fec_11604>
...
040 (7118.000.000) 2023-06-22 12:52:33 Finished transferring input files
...
001 (7118.000.000) 2023-06-22 12:52:34 Job executing on host: <10.10.1.152:9618?addrs=10.10.1.152-9618&alias=pascal-node02.l3s.intra&noUDP&sock=startd_1215_f7a8>
...
006 (7118.000.000) 2023-06-22 12:52:43 Image size of job updated: 1250
	4  -  MemoryUsage of job (MB)
	3288  -  ResidentSetSize of job (KB)
...
006 (7118.000.000) 2023-06-22 12:57:44 Image size of job updated: 2919532
	373  -  MemoryUsage of job (MB)
	381292  -  ResidentSetSize of job (KB)
...
006 (7118.000.000) 2023-06-22 13:02:44 Image size of job updated: 10449528
	2248  -  MemoryUsage of job (MB)
	2301160  -  ResidentSetSize of job (KB)
...
006 (7118.000.000) 2023-06-22 13:07:45 Image size of job updated: 10499128
	2297  -  MemoryUsage of job (MB)
	2351740  -  ResidentSetSize of job (KB)
...
006 (7118.000.000) 2023-06-22 13:12:46 Image size of job updated: 10545228
	2344  -  MemoryUsage of job (MB)
	2400100  -  ResidentSetSize of job (KB)
...
006 (7118.000.000) 2023-06-22 13:17:46 Image size of job updated: 10603480
	2404  -  MemoryUsage of job (MB)
	2461440  -  ResidentSetSize of job (KB)
...
006 (7118.000.000) 2023-06-22 13:22:46 Image size of job updated: 10651040
	2454  -  MemoryUsage of job (MB)
	2511880  -  ResidentSetSize of job (KB)
...
