000 (7135.000.000) 2023-06-22 13:41:12 Job submitted from host: <10.10.1.131:9618?addrs=10.10.1.131-9618&alias=pascal-condor01.l3s.intra&noUDP&sock=schedd_816_495e>
...
040 (7135.000.000) 2023-06-22 13:41:15 Started transferring input files
	Transferring to host: <10.10.1.152:9618?addrs=10.10.1.152-9618&alias=pascal-node02.l3s.intra&noUDP&sock=slot1_2_1258_1fec_11606>
...
040 (7135.000.000) 2023-06-22 13:41:15 Finished transferring input files
...
001 (7135.000.000) 2023-06-22 13:41:16 Job executing on host: <10.10.1.152:9618?addrs=10.10.1.152-9618&alias=pascal-node02.l3s.intra&noUDP&sock=startd_1215_f7a8>
...
006 (7135.000.000) 2023-06-22 13:41:25 Image size of job updated: 18888
	12  -  MemoryUsage of job (MB)
	12064  -  ResidentSetSize of job (KB)
...
006 (7135.000.000) 2023-06-22 13:46:26 Image size of job updated: 2939268
	387  -  MemoryUsage of job (MB)
	396288  -  ResidentSetSize of job (KB)
...
006 (7135.000.000) 2023-06-22 13:51:26 Image size of job updated: 10390844
	2232  -  MemoryUsage of job (MB)
	2285136  -  ResidentSetSize of job (KB)
...
006 (7135.000.000) 2023-06-22 13:56:26 Image size of job updated: 10446812
	2292  -  MemoryUsage of job (MB)
	2346992  -  ResidentSetSize of job (KB)
...
006 (7135.000.000) 2023-06-22 14:01:27 Image size of job updated: 10483860
	2329  -  MemoryUsage of job (MB)
	2384800  -  ResidentSetSize of job (KB)
...
006 (7135.000.000) 2023-06-22 14:06:27 Image size of job updated: 10534984
	2380  -  MemoryUsage of job (MB)
	2436944  -  ResidentSetSize of job (KB)
...
006 (7135.000.000) 2023-06-22 14:11:28 Image size of job updated: 10585352
	2430  -  MemoryUsage of job (MB)
	2488040  -  ResidentSetSize of job (KB)
...
006 (7135.000.000) 2023-06-22 14:16:28 Image size of job updated: 10627812
	2474  -  MemoryUsage of job (MB)
	2532656  -  ResidentSetSize of job (KB)
...
006 (7135.000.000) 2023-06-22 14:21:28 Image size of job updated: 10698640
	2543  -  MemoryUsage of job (MB)
	2603520  -  ResidentSetSize of job (KB)
...
006 (7135.000.000) 2023-06-22 14:26:29 Image size of job updated: 10743792
	2587  -  MemoryUsage of job (MB)
	2649020  -  ResidentSetSize of job (KB)
...
