000 (7134.000.000) 2023-06-22 13:41:07 Job submitted from host: <10.10.1.131:9618?addrs=10.10.1.131-9618&alias=pascal-condor01.l3s.intra&noUDP&sock=schedd_816_495e>
...
040 (7134.000.000) 2023-06-22 13:41:15 Started transferring input files
	Transferring to host: <10.10.1.157:9618?addrs=10.10.1.157-9618&alias=pascal-node07.l3s.intra&noUDP&sock=slot1_1_992_b421_12>
...
040 (7134.000.000) 2023-06-22 13:41:15 Finished transferring input files
...
001 (7134.000.000) 2023-06-22 13:41:16 Job executing on host: <10.10.1.157:9618?addrs=10.10.1.157-9618&alias=pascal-node07.l3s.intra&noUDP&sock=startd_919_efa0>
...
006 (7134.000.000) 2023-06-22 13:41:25 Image size of job updated: 1250
	4  -  MemoryUsage of job (MB)
	3312  -  ResidentSetSize of job (KB)
...
006 (7134.000.000) 2023-06-22 13:46:26 Image size of job updated: 13897056
	2046  -  MemoryUsage of job (MB)
	2094316  -  ResidentSetSize of job (KB)
...
006 (7134.000.000) 2023-06-22 13:51:26 Image size of job updated: 13954312
	2104  -  MemoryUsage of job (MB)
	2154316  -  ResidentSetSize of job (KB)
...
006 (7134.000.000) 2023-06-22 13:56:26 Image size of job updated: 14006680
	2157  -  MemoryUsage of job (MB)
	2208056  -  ResidentSetSize of job (KB)
...
006 (7134.000.000) 2023-06-22 14:01:28 Image size of job updated: 14065816
	2217  -  MemoryUsage of job (MB)
	2269196  -  ResidentSetSize of job (KB)
...
006 (7134.000.000) 2023-06-22 14:06:28 Image size of job updated: 14124908
	2275  -  MemoryUsage of job (MB)
	2329168  -  ResidentSetSize of job (KB)
...
006 (7134.000.000) 2023-06-22 14:11:28 Image size of job updated: 14172188
	2324  -  MemoryUsage of job (MB)
	2379500  -  ResidentSetSize of job (KB)
...
006 (7134.000.000) 2023-06-22 14:16:29 Image size of job updated: 14224140
	2374  -  MemoryUsage of job (MB)
	2430920  -  ResidentSetSize of job (KB)
...
006 (7134.000.000) 2023-06-22 14:21:29 Image size of job updated: 14268036
	2418  -  MemoryUsage of job (MB)
	2475680  -  ResidentSetSize of job (KB)
...
006 (7134.000.000) 2023-06-22 14:26:30 Image size of job updated: 14330092
	2479  -  MemoryUsage of job (MB)
	2538180  -  ResidentSetSize of job (KB)
...
006 (7134.000.000) 2023-06-22 14:31:30 Image size of job updated: 14386548
	2536  -  MemoryUsage of job (MB)
	2596332  -  ResidentSetSize of job (KB)
...
006 (7134.000.000) 2023-06-22 14:36:31 Image size of job updated: 14438520
	2590  -  MemoryUsage of job (MB)
	2651268  -  ResidentSetSize of job (KB)
...
006 (7134.000.000) 2023-06-22 14:41:31 Image size of job updated: 14473020
	2623  -  MemoryUsage of job (MB)
	2685708  -  ResidentSetSize of job (KB)
...
006 (7134.000.000) 2023-06-22 14:46:31 Image size of job updated: 14553852
	2702  -  MemoryUsage of job (MB)
	2766776  -  ResidentSetSize of job (KB)
...
006 (7134.000.000) 2023-06-22 14:51:32 Image size of job updated: 14591672
	2741  -  MemoryUsage of job (MB)
	2806244  -  ResidentSetSize of job (KB)
...
006 (7134.000.000) 2023-06-22 14:56:32 Image size of job updated: 14612408
	2762  -  MemoryUsage of job (MB)
	2827636  -  ResidentSetSize of job (KB)
...
006 (7134.000.000) 2023-06-22 15:01:32 Image size of job updated: 14687508
	2836  -  MemoryUsage of job (MB)
	2903568  -  ResidentSetSize of job (KB)
...
006 (7134.000.000) 2023-06-22 15:06:33 Image size of job updated: 14747172
	2893  -  MemoryUsage of job (MB)
	2961552  -  ResidentSetSize of job (KB)
...
006 (7134.000.000) 2023-06-22 15:11:34 Image size of job updated: 14808448
	2955  -  MemoryUsage of job (MB)
	3025904  -  ResidentSetSize of job (KB)
...
006 (7134.000.000) 2023-06-22 15:16:34 Image size of job updated: 14850960
	3000  -  MemoryUsage of job (MB)
	3071328  -  ResidentSetSize of job (KB)
...
006 (7134.000.000) 2023-06-22 15:21:35 Image size of job updated: 14872720
	3024  -  MemoryUsage of job (MB)
	3096236  -  ResidentSetSize of job (KB)
...
006 (7134.000.000) 2023-06-22 15:26:36 Image size of job updated: 14892688
	3044  -  MemoryUsage of job (MB)
	3116408  -  ResidentSetSize of job (KB)
...
006 (7134.000.000) 2023-06-22 15:31:36 Image size of job updated: 15005112
	3152  -  MemoryUsage of job (MB)
	3227384  -  ResidentSetSize of job (KB)
...
006 (7134.000.000) 2023-06-22 15:36:36 Image size of job updated: 15052140
	3201  -  MemoryUsage of job (MB)
	3277176  -  ResidentSetSize of job (KB)
...
006 (7134.000.000) 2023-06-22 15:41:38 Image size of job updated: 15100184
	3246  -  MemoryUsage of job (MB)
	3323520  -  ResidentSetSize of job (KB)
...
006 (7134.000.000) 2023-06-22 15:46:38 Image size of job updated: 15188612
	3326  -  MemoryUsage of job (MB)
	3404948  -  ResidentSetSize of job (KB)
...
006 (7134.000.000) 2023-06-22 15:51:38 Image size of job updated: 15231308
	3377  -  MemoryUsage of job (MB)
	3457752  -  ResidentSetSize of job (KB)
...
006 (7134.000.000) 2023-06-22 15:56:40 Image size of job updated: 15278160
	3397  -  MemoryUsage of job (MB)
	3478128  -  ResidentSetSize of job (KB)
...
006 (7134.000.000) 2023-06-22 16:01:40 Image size of job updated: 15304708
	3449  -  MemoryUsage of job (MB)
	3531484  -  ResidentSetSize of job (KB)
...
006 (7134.000.000) 2023-06-22 16:06:40 Image size of job updated: 15356996
	3502  -  MemoryUsage of job (MB)
	3585496  -  ResidentSetSize of job (KB)
...
006 (7134.000.000) 2023-06-22 16:11:41 Image size of job updated: 15377476
	3525  -  MemoryUsage of job (MB)
	3609384  -  ResidentSetSize of job (KB)
...
006 (7134.000.000) 2023-06-22 16:16:42 Image size of job updated: 15507896
	3646  -  MemoryUsage of job (MB)
	3733372  -  ResidentSetSize of job (KB)
...
006 (7134.000.000) 2023-06-22 16:21:42 Image size of job updated: 15536440
	3667  -  MemoryUsage of job (MB)
	3754972  -  ResidentSetSize of job (KB)
...
006 (7134.000.000) 2023-06-22 16:26:43 Image size of job updated: 15593868
	3729  -  MemoryUsage of job (MB)
	3818104  -  ResidentSetSize of job (KB)
...
006 (7134.000.000) 2023-06-22 16:31:43 Image size of job updated: 15614092
	3753  -  MemoryUsage of job (MB)
	3842256  -  ResidentSetSize of job (KB)
...
006 (7134.000.000) 2023-06-22 16:36:43 Image size of job updated: 15812100
	3927  -  MemoryUsage of job (MB)
	4020744  -  ResidentSetSize of job (KB)
...
006 (7134.000.000) 2023-06-22 16:41:43 Image size of job updated: 15840144
	3952  -  MemoryUsage of job (MB)
	4046180  -  ResidentSetSize of job (KB)
...
006 (7134.000.000) 2023-06-22 16:46:44 Image size of job updated: 15864988
	3991  -  MemoryUsage of job (MB)
	4085928  -  ResidentSetSize of job (KB)
...
006 (7134.000.000) 2023-06-22 16:51:44 Image size of job updated: 15884956
	4015  -  MemoryUsage of job (MB)
	4110644  -  ResidentSetSize of job (KB)
...
006 (7134.000.000) 2023-06-22 16:56:44 Image size of job updated: 15918956
	4037  -  MemoryUsage of job (MB)
	4133576  -  ResidentSetSize of job (KB)
...
006 (7134.000.000) 2023-06-22 17:01:46 Image size of job updated: 15965112
	4072  -  MemoryUsage of job (MB)
	4168720  -  ResidentSetSize of job (KB)
...
006 (7134.000.000) 2023-06-22 17:06:46 Image size of job updated: 15988348
	4101  -  MemoryUsage of job (MB)
	4198800  -  ResidentSetSize of job (KB)
...
006 (7134.000.000) 2023-06-22 17:11:46 Image size of job updated: 16014312
	4132  -  MemoryUsage of job (MB)
	4230568  -  ResidentSetSize of job (KB)
...
006 (7134.000.000) 2023-06-22 17:16:48 Image size of job updated: 16033512
	4154  -  MemoryUsage of job (MB)
	4253400  -  ResidentSetSize of job (KB)
...
006 (7134.000.000) 2023-06-22 17:21:48 Image size of job updated: 16069944
	4182  -  MemoryUsage of job (MB)
	4281384  -  ResidentSetSize of job (KB)
...
006 (7134.000.000) 2023-06-22 17:26:48 Image size of job updated: 16119076
	4219  -  MemoryUsage of job (MB)
	4319436  -  ResidentSetSize of job (KB)
...
006 (7134.000.000) 2023-06-22 17:31:50 Image size of job updated: 16205608
	4247  -  MemoryUsage of job (MB)
	4348264  -  ResidentSetSize of job (KB)
...
006 (7134.000.000) 2023-06-22 17:36:50 Image size of job updated: 16205608
	4278  -  MemoryUsage of job (MB)
	4379704  -  ResidentSetSize of job (KB)
...
006 (7134.000.000) 2023-06-22 17:41:50 Image size of job updated: 16205608
	4303  -  MemoryUsage of job (MB)
	4405632  -  ResidentSetSize of job (KB)
...
006 (7134.000.000) 2023-06-22 17:46:51 Image size of job updated: 16265384
	4379  -  MemoryUsage of job (MB)
	4483296  -  ResidentSetSize of job (KB)
...
006 (7134.000.000) 2023-06-22 17:51:51 Image size of job updated: 16309460
	4403  -  MemoryUsage of job (MB)
	4508656  -  ResidentSetSize of job (KB)
...
006 (7134.000.000) 2023-06-22 17:56:51 Image size of job updated: 16423116
	4441  -  MemoryUsage of job (MB)
	4546704  -  ResidentSetSize of job (KB)
...
006 (7134.000.000) 2023-06-22 18:01:52 Image size of job updated: 16448912
	4472  -  MemoryUsage of job (MB)
	4578900  -  ResidentSetSize of job (KB)
...
006 (7134.000.000) 2023-06-22 18:06:52 Image size of job updated: 16478168
	4500  -  MemoryUsage of job (MB)
	4607596  -  ResidentSetSize of job (KB)
...
