000 (7115.000.000) 2023-06-22 12:52:13 Job submitted from host: <10.10.1.131:9618?addrs=10.10.1.131-9618&alias=pascal-condor01.l3s.intra&noUDP&sock=schedd_816_495e>
...
040 (7115.000.000) 2023-06-22 12:52:13 Started transferring input files
	Transferring to host: <10.10.1.157:9618?addrs=10.10.1.157-9618&alias=pascal-node07.l3s.intra&noUDP&sock=slot1_4_992_b421_11>
...
040 (7115.000.000) 2023-06-22 12:52:13 Finished transferring input files
...
001 (7115.000.000) 2023-06-22 12:52:14 Job executing on host: <10.10.1.157:9618?addrs=10.10.1.157-9618&alias=pascal-node07.l3s.intra&noUDP&sock=startd_919_efa0>
...
006 (7115.000.000) 2023-06-22 12:52:23 Image size of job updated: 2643928
	227  -  MemoryUsage of job (MB)
	231520  -  ResidentSetSize of job (KB)
...
006 (7115.000.000) 2023-06-22 12:57:24 Image size of job updated: 13765296
	2046  -  MemoryUsage of job (MB)
	2094668  -  ResidentSetSize of job (KB)
...
006 (7115.000.000) 2023-06-22 13:02:25 Image size of job updated: 13818084
	2102  -  MemoryUsage of job (MB)
	2152408  -  ResidentSetSize of job (KB)
...
006 (7115.000.000) 2023-06-22 13:04:49 Image size of job updated: 13847312
	2102  -  MemoryUsage of job (MB)
	2152408  -  ResidentSetSize of job (KB)
...
004 (7115.000.000) 2023-06-22 13:04:49 Job was evicted.
	(0) CPU times
		Usr 0 00:12:17, Sys 0 00:00:18  -  Run Remote Usage
		Usr 0 00:00:00, Sys 0 00:00:00  -  Run Local Usage
	0  -  Run Bytes Sent By Job
	1241649  -  Run Bytes Received By Job
	Partitionable Resources :    Usage  Request Allocated Assigned
	   Cpus                 :     1.01        1         1 
	   Disk (KB)            :  1252        1250    154433 
	   Gpus (Average)       :                 1         1 "CUDA3"
	   Memory (MB)          :  2102           2       128 
...
009 (7115.000.000) 2023-06-22 13:04:49 Job was aborted.
	via condor_rm (by user danila.valko)
...
