000 (7120.000.000) 2023-06-22 12:52:37 Job submitted from host: <10.10.1.131:9618?addrs=10.10.1.131-9618&alias=pascal-condor01.l3s.intra&noUDP&sock=schedd_816_495e>
...
040 (7120.000.000) 2023-06-22 12:52:53 Started transferring input files
	Transferring to host: <10.10.1.156:9618?addrs=10.10.1.156-9618&alias=pascal-node06.l3s.intra&noUDP&sock=slot1_2_1006_9162_4>
...
040 (7120.000.000) 2023-06-22 12:52:53 Finished transferring input files
...
001 (7120.000.000) 2023-06-22 12:52:54 Job executing on host: <10.10.1.156:9618?addrs=10.10.1.156-9618&alias=pascal-node06.l3s.intra&noUDP&sock=startd_935_e924>
...
006 (7120.000.000) 2023-06-22 12:53:03 Image size of job updated: 13715064
	1971  -  MemoryUsage of job (MB)
	2017924  -  ResidentSetSize of job (KB)
...
006 (7120.000.000) 2023-06-22 12:58:04 Image size of job updated: 13914856
	2066  -  MemoryUsage of job (MB)
	2115452  -  ResidentSetSize of job (KB)
...
006 (7120.000.000) 2023-06-22 13:03:04 Image size of job updated: 13958476
	2109  -  MemoryUsage of job (MB)
	2158984  -  ResidentSetSize of job (KB)
...
006 (7120.000.000) 2023-06-22 13:08:04 Image size of job updated: 14009768
	2161  -  MemoryUsage of job (MB)
	2212460  -  ResidentSetSize of job (KB)
...
006 (7120.000.000) 2023-06-22 13:13:06 Image size of job updated: 14054040
	2204  -  MemoryUsage of job (MB)
	2256840  -  ResidentSetSize of job (KB)
...
006 (7120.000.000) 2023-06-22 13:18:06 Image size of job updated: 14115140
	2264  -  MemoryUsage of job (MB)
	2317944  -  ResidentSetSize of job (KB)
...
006 (7120.000.000) 2023-06-22 13:23:06 Image size of job updated: 14150164
	2298  -  MemoryUsage of job (MB)
	2352968  -  ResidentSetSize of job (KB)
...
