000 (7117.000.000) 2023-06-22 12:52:23 Job submitted from host: <10.10.1.131:9618?addrs=10.10.1.131-9618&alias=pascal-condor01.l3s.intra&noUDP&sock=schedd_816_495e>
...
040 (7117.000.000) 2023-06-22 12:52:33 Started transferring input files
	Transferring to host: <10.10.1.158:9618?addrs=10.10.1.158-9618&alias=pascal-node08.l3s.intra&noUDP&sock=slot1_1_924_ca9f_37934>
...
040 (7117.000.000) 2023-06-22 12:52:33 Finished transferring input files
...
001 (7117.000.000) 2023-06-22 12:52:34 Job executing on host: <10.10.1.158:9618?addrs=10.10.1.158-9618&alias=pascal-node08.l3s.intra&noUDP&sock=startd_879_7fd6>
...
006 (7117.000.000) 2023-06-22 12:52:43 Image size of job updated: 1250
	4  -  MemoryUsage of job (MB)
	3344  -  ResidentSetSize of job (KB)
...
006 (7117.000.000) 2023-06-22 12:57:44 Image size of job updated: 2907764
	369  -  MemoryUsage of job (MB)
	377448  -  ResidentSetSize of job (KB)
...
006 (7117.000.000) 2023-06-22 13:02:44 Image size of job updated: 13771128
	2042  -  MemoryUsage of job (MB)
	2090296  -  ResidentSetSize of job (KB)
...
006 (7117.000.000) 2023-06-22 13:07:45 Image size of job updated: 13812948
	2088  -  MemoryUsage of job (MB)
	2137776  -  ResidentSetSize of job (KB)
...
006 (7117.000.000) 2023-06-22 13:12:46 Image size of job updated: 13870860
	2149  -  MemoryUsage of job (MB)
	2200560  -  ResidentSetSize of job (KB)
...
006 (7117.000.000) 2023-06-22 13:17:46 Image size of job updated: 13912128
	2193  -  MemoryUsage of job (MB)
	2245260  -  ResidentSetSize of job (KB)
...
006 (7117.000.000) 2023-06-22 13:22:46 Image size of job updated: 13943352
	2228  -  MemoryUsage of job (MB)
	2280940  -  ResidentSetSize of job (KB)
...
006 (7117.000.000) 2023-06-22 13:27:47 Image size of job updated: 14008092
	2296  -  MemoryUsage of job (MB)
	2350976  -  ResidentSetSize of job (KB)
...
006 (7117.000.000) 2023-06-22 13:32:47 Image size of job updated: 14071024
	2363  -  MemoryUsage of job (MB)
	2419564  -  ResidentSetSize of job (KB)
...
006 (7117.000.000) 2023-06-22 13:37:47 Image size of job updated: 14118628
	2413  -  MemoryUsage of job (MB)
	2469936  -  ResidentSetSize of job (KB)
...
