000 (7131.000.000) 2023-06-22 13:40:56 Job submitted from host: <10.10.1.131:9618?addrs=10.10.1.131-9618&alias=pascal-condor01.l3s.intra&noUDP&sock=schedd_816_495e>
...
040 (7131.000.000) 2023-06-22 13:41:15 Started transferring input files
	Transferring to host: <10.10.1.156:9618?addrs=10.10.1.156-9618&alias=pascal-node06.l3s.intra&noUDP&sock=slot1_4_1006_9162_6>
...
040 (7131.000.000) 2023-06-22 13:41:15 Finished transferring input files
...
001 (7131.000.000) 2023-06-22 13:41:16 Job executing on host: <10.10.1.156:9618?addrs=10.10.1.156-9618&alias=pascal-node06.l3s.intra&noUDP&sock=startd_935_e924>
...
006 (7131.000.000) 2023-06-22 13:41:25 Image size of job updated: 1250
	4  -  MemoryUsage of job (MB)
	3304  -  ResidentSetSize of job (KB)
...
006 (7131.000.000) 2023-06-22 13:46:26 Image size of job updated: 13781868
	2058  -  MemoryUsage of job (MB)
	2106732  -  ResidentSetSize of job (KB)
...
006 (7131.000.000) 2023-06-22 13:51:26 Image size of job updated: 13826352
	2102  -  MemoryUsage of job (MB)
	2152212  -  ResidentSetSize of job (KB)
...
006 (7131.000.000) 2023-06-22 13:56:26 Image size of job updated: 13862944
	2139  -  MemoryUsage of job (MB)
	2190052  -  ResidentSetSize of job (KB)
...
006 (7131.000.000) 2023-06-22 14:01:27 Image size of job updated: 13919044
	2196  -  MemoryUsage of job (MB)
	2248632  -  ResidentSetSize of job (KB)
...
006 (7131.000.000) 2023-06-22 14:06:27 Image size of job updated: 13966316
	2243  -  MemoryUsage of job (MB)
	2295960  -  ResidentSetSize of job (KB)
...
006 (7131.000.000) 2023-06-22 14:11:28 Image size of job updated: 13988376
	2265  -  MemoryUsage of job (MB)
	2318672  -  ResidentSetSize of job (KB)
...
006 (7131.000.000) 2023-06-22 14:16:28 Image size of job updated: 14046880
	2325  -  MemoryUsage of job (MB)
	2380436  -  ResidentSetSize of job (KB)
...
006 (7131.000.000) 2023-06-22 14:21:29 Image size of job updated: 14076320
	2354  -  MemoryUsage of job (MB)
	2410028  -  ResidentSetSize of job (KB)
...
006 (7131.000.000) 2023-06-22 14:26:30 Image size of job updated: 14141764
	2418  -  MemoryUsage of job (MB)
	2475148  -  ResidentSetSize of job (KB)
...
