000 (7119.000.000) 2023-06-22 12:52:32 Job submitted from host: <10.10.1.131:9618?addrs=10.10.1.131-9618&alias=pascal-condor01.l3s.intra&noUDP&sock=schedd_816_495e>
...
040 (7119.000.000) 2023-06-22 12:52:33 Started transferring input files
	Transferring to host: <10.10.1.151:9618?addrs=10.10.1.151-9618&alias=pascal-node01.l3s.intra&noUDP&sock=slot1_3_2086_868e_68>
...
040 (7119.000.000) 2023-06-22 12:52:33 Finished transferring input files
...
001 (7119.000.000) 2023-06-22 12:52:34 Job executing on host: <10.10.1.151:9618?addrs=10.10.1.151-9618&alias=pascal-node01.l3s.intra&noUDP&sock=startd_1828_6f36>
...
006 (7119.000.000) 2023-06-22 12:52:43 Image size of job updated: 2676896
	290  -  MemoryUsage of job (MB)
	296752  -  ResidentSetSize of job (KB)
...
006 (7119.000.000) 2023-06-22 12:57:44 Image size of job updated: 10460368
	2229  -  MemoryUsage of job (MB)
	2282408  -  ResidentSetSize of job (KB)
...
006 (7119.000.000) 2023-06-22 13:02:44 Image size of job updated: 10509364
	2279  -  MemoryUsage of job (MB)
	2332892  -  ResidentSetSize of job (KB)
...
006 (7119.000.000) 2023-06-22 13:07:44 Image size of job updated: 10570668
	2340  -  MemoryUsage of job (MB)
	2395532  -  ResidentSetSize of job (KB)
...
006 (7119.000.000) 2023-06-22 13:12:45 Image size of job updated: 10652772
	2423  -  MemoryUsage of job (MB)
	2480676  -  ResidentSetSize of job (KB)
...
006 (7119.000.000) 2023-06-22 13:17:46 Image size of job updated: 10699128
	2469  -  MemoryUsage of job (MB)
	2527756  -  ResidentSetSize of job (KB)
...
006 (7119.000.000) 2023-06-22 13:22:46 Image size of job updated: 10757988
	2528  -  MemoryUsage of job (MB)
	2588136  -  ResidentSetSize of job (KB)
...
