000 (7132.000.000) 2023-06-22 13:41:00 Job submitted from host: <10.10.1.131:9618?addrs=10.10.1.131-9618&alias=pascal-condor01.l3s.intra&noUDP&sock=schedd_816_495e>
...
040 (7132.000.000) 2023-06-22 13:41:15 Started transferring input files
	Transferring to host: <10.10.1.154:9618?addrs=10.10.1.154-9618&alias=pascal-node04.l3s.intra&noUDP&sock=slot1_1_937_f37f_12>
...
040 (7132.000.000) 2023-06-22 13:41:15 Finished transferring input files
...
001 (7132.000.000) 2023-06-22 13:41:16 Job executing on host: <10.10.1.154:9618?addrs=10.10.1.154-9618&alias=pascal-node04.l3s.intra&noUDP&sock=startd_893_1a29>
...
006 (7132.000.000) 2023-06-22 13:41:25 Image size of job updated: 134816
	71  -  MemoryUsage of job (MB)
	72088  -  ResidentSetSize of job (KB)
...
006 (7132.000.000) 2023-06-22 13:46:26 Image size of job updated: 13908620
	2059  -  MemoryUsage of job (MB)
	2107736  -  ResidentSetSize of job (KB)
...
006 (7132.000.000) 2023-06-22 13:51:26 Image size of job updated: 13962188
	2112  -  MemoryUsage of job (MB)
	2162536  -  ResidentSetSize of job (KB)
...
006 (7132.000.000) 2023-06-22 13:56:26 Image size of job updated: 14013180
	2164  -  MemoryUsage of job (MB)
	2215780  -  ResidentSetSize of job (KB)
...
006 (7132.000.000) 2023-06-22 14:01:27 Image size of job updated: 14057072
	2208  -  MemoryUsage of job (MB)
	2260396  -  ResidentSetSize of job (KB)
...
006 (7132.000.000) 2023-06-22 14:06:27 Image size of job updated: 14106096
	2257  -  MemoryUsage of job (MB)
	2310592  -  ResidentSetSize of job (KB)
...
006 (7132.000.000) 2023-06-22 14:11:27 Image size of job updated: 14165248
	2317  -  MemoryUsage of job (MB)
	2371928  -  ResidentSetSize of job (KB)
...
006 (7132.000.000) 2023-06-22 14:16:29 Image size of job updated: 14200656
	2352  -  MemoryUsage of job (MB)
	2407552  -  ResidentSetSize of job (KB)
...
006 (7132.000.000) 2023-06-22 14:21:29 Image size of job updated: 14254184
	2405  -  MemoryUsage of job (MB)
	2462696  -  ResidentSetSize of job (KB)
...
006 (7132.000.000) 2023-06-22 14:26:29 Image size of job updated: 14315460
	2467  -  MemoryUsage of job (MB)
	2525220  -  ResidentSetSize of job (KB)
...
006 (7132.000.000) 2023-06-22 14:31:30 Image size of job updated: 14383848
	2536  -  MemoryUsage of job (MB)
	2596628  -  ResidentSetSize of job (KB)
...
006 (7132.000.000) 2023-06-22 14:36:31 Image size of job updated: 14400232
	2552  -  MemoryUsage of job (MB)
	2612960  -  ResidentSetSize of job (KB)
...
006 (7132.000.000) 2023-06-22 14:41:31 Image size of job updated: 14466372
	2616  -  MemoryUsage of job (MB)
	2678224  -  ResidentSetSize of job (KB)
...
006 (7132.000.000) 2023-06-22 14:46:32 Image size of job updated: 14483780
	2635  -  MemoryUsage of job (MB)
	2698156  -  ResidentSetSize of job (KB)
...
006 (7132.000.000) 2023-06-22 14:51:33 Image size of job updated: 14555988
	2706  -  MemoryUsage of job (MB)
	2770732  -  ResidentSetSize of job (KB)
...
006 (7132.000.000) 2023-06-22 14:56:33 Image size of job updated: 14632144
	2779  -  MemoryUsage of job (MB)
	2844748  -  ResidentSetSize of job (KB)
...
006 (7132.000.000) 2023-06-22 15:01:33 Image size of job updated: 14668836
	2814  -  MemoryUsage of job (MB)
	2881512  -  ResidentSetSize of job (KB)
...
006 (7132.000.000) 2023-06-22 15:06:34 Image size of job updated: 14756788
	2898  -  MemoryUsage of job (MB)
	2966876  -  ResidentSetSize of job (KB)
...
006 (7132.000.000) 2023-06-22 15:11:34 Image size of job updated: 14772916
	2916  -  MemoryUsage of job (MB)
	2985916  -  ResidentSetSize of job (KB)
...
006 (7132.000.000) 2023-06-22 15:16:34 Image size of job updated: 14841404
	2980  -  MemoryUsage of job (MB)
	3051116  -  ResidentSetSize of job (KB)
...
006 (7132.000.000) 2023-06-22 15:21:35 Image size of job updated: 14857276
	2998  -  MemoryUsage of job (MB)
	3069928  -  ResidentSetSize of job (KB)
...
006 (7132.000.000) 2023-06-22 15:26:36 Image size of job updated: 14886780
	3019  -  MemoryUsage of job (MB)
	3090576  -  ResidentSetSize of job (KB)
...
006 (7132.000.000) 2023-06-22 15:31:36 Image size of job updated: 14927812
	3063  -  MemoryUsage of job (MB)
	3135928  -  ResidentSetSize of job (KB)
...
006 (7132.000.000) 2023-06-22 15:36:37 Image size of job updated: 14943940
	3082  -  MemoryUsage of job (MB)
	3155716  -  ResidentSetSize of job (KB)
...
006 (7132.000.000) 2023-06-22 15:41:38 Image size of job updated: 15039772
	3162  -  MemoryUsage of job (MB)
	3237272  -  ResidentSetSize of job (KB)
...
006 (7132.000.000) 2023-06-22 15:46:38 Image size of job updated: 15090120
	3217  -  MemoryUsage of job (MB)
	3294036  -  ResidentSetSize of job (KB)
...
006 (7132.000.000) 2023-06-22 15:51:38 Image size of job updated: 15105480
	3239  -  MemoryUsage of job (MB)
	3316536  -  ResidentSetSize of job (KB)
...
