000 (7116.000.000) 2023-06-22 12:52:19 Job submitted from host: <10.10.1.131:9618?addrs=10.10.1.131-9618&alias=pascal-condor01.l3s.intra&noUDP&sock=schedd_816_495e>
...
040 (7116.000.000) 2023-06-22 12:52:33 Started transferring input files
	Transferring to host: <10.10.1.156:9618?addrs=10.10.1.156-9618&alias=pascal-node06.l3s.intra&noUDP&sock=slot1_1_1006_9162_3>
...
040 (7116.000.000) 2023-06-22 12:52:33 Finished transferring input files
...
001 (7116.000.000) 2023-06-22 12:52:34 Job executing on host: <10.10.1.156:9618?addrs=10.10.1.156-9618&alias=pascal-node06.l3s.intra&noUDP&sock=startd_935_e924>
...
006 (7116.000.000) 2023-06-22 12:52:43 Image size of job updated: 1250
	4  -  MemoryUsage of job (MB)
	3308  -  ResidentSetSize of job (KB)
...
006 (7116.000.000) 2023-06-22 12:57:44 Image size of job updated: 13770148
	2042  -  MemoryUsage of job (MB)
	2090484  -  ResidentSetSize of job (KB)
...
006 (7116.000.000) 2023-06-22 13:02:44 Image size of job updated: 13814980
	2087  -  MemoryUsage of job (MB)
	2136432  -  ResidentSetSize of job (KB)
...
006 (7116.000.000) 2023-06-22 13:07:45 Image size of job updated: 13876600
	2148  -  MemoryUsage of job (MB)
	2199152  -  ResidentSetSize of job (KB)
...
006 (7116.000.000) 2023-06-22 13:12:46 Image size of job updated: 13909492
	2183  -  MemoryUsage of job (MB)
	2234564  -  ResidentSetSize of job (KB)
...
006 (7116.000.000) 2023-06-22 13:17:46 Image size of job updated: 13984304
	2256  -  MemoryUsage of job (MB)
	2309144  -  ResidentSetSize of job (KB)
...
006 (7116.000.000) 2023-06-22 13:22:46 Image size of job updated: 14031228
	2303  -  MemoryUsage of job (MB)
	2357312  -  ResidentSetSize of job (KB)
...
006 (7116.000.000) 2023-06-22 13:27:48 Image size of job updated: 14067160
	2340  -  MemoryUsage of job (MB)
	2395808  -  ResidentSetSize of job (KB)
...
006 (7116.000.000) 2023-06-22 13:32:48 Image size of job updated: 14123536
	2394  -  MemoryUsage of job (MB)
	2451412  -  ResidentSetSize of job (KB)
...
006 (7116.000.000) 2023-06-22 13:37:48 Image size of job updated: 14187268
	2462  -  MemoryUsage of job (MB)
	2520344  -  ResidentSetSize of job (KB)
...
