000 (7130.000.000) 2023-06-22 13:40:52 Job submitted from host: <10.10.1.131:9618?addrs=10.10.1.131-9618&alias=pascal-condor01.l3s.intra&noUDP&sock=schedd_816_495e>
...
040 (7130.000.000) 2023-06-22 13:40:55 Started transferring input files
	Transferring to host: <10.10.1.153:9618?addrs=10.10.1.153-9618&alias=pascal-node03.l3s.intra&noUDP&sock=slot1_2_1235_eb4b_23520>
...
040 (7130.000.000) 2023-06-22 13:40:55 Finished transferring input files
...
001 (7130.000.000) 2023-06-22 13:40:56 Job executing on host: <10.10.1.153:9618?addrs=10.10.1.153-9618&alias=pascal-node03.l3s.intra&noUDP&sock=startd_1192_30fa>
...
006 (7130.000.000) 2023-06-22 13:41:04 Image size of job updated: 1250
	4  -  MemoryUsage of job (MB)
	3288  -  ResidentSetSize of job (KB)
...
006 (7130.000.000) 2023-06-22 13:46:04 Image size of job updated: 11067820
	2738  -  MemoryUsage of job (MB)
	2802736  -  ResidentSetSize of job (KB)
...
006 (7130.000.000) 2023-06-22 13:51:05 Image size of job updated: 11117608
	2788  -  MemoryUsage of job (MB)
	2854432  -  ResidentSetSize of job (KB)
...
006 (7130.000.000) 2023-06-22 13:56:05 Image size of job updated: 11175116
	2845  -  MemoryUsage of job (MB)
	2913176  -  ResidentSetSize of job (KB)
...
006 (7130.000.000) 2023-06-22 14:01:05 Image size of job updated: 11230364
	2902  -  MemoryUsage of job (MB)
	2970708  -  ResidentSetSize of job (KB)
...
006 (7130.000.000) 2023-06-22 14:06:06 Image size of job updated: 11275972
	2946  -  MemoryUsage of job (MB)
	3016640  -  ResidentSetSize of job (KB)
...
006 (7130.000.000) 2023-06-22 14:11:07 Image size of job updated: 11315700
	2986  -  MemoryUsage of job (MB)
	3057568  -  ResidentSetSize of job (KB)
...
006 (7130.000.000) 2023-06-22 14:16:07 Image size of job updated: 11359808
	3035  -  MemoryUsage of job (MB)
	3107156  -  ResidentSetSize of job (KB)
...
006 (7130.000.000) 2023-06-22 14:21:08 Image size of job updated: 11442124
	3117  -  MemoryUsage of job (MB)
	3190848  -  ResidentSetSize of job (KB)
...
006 (7130.000.000) 2023-06-22 14:26:08 Image size of job updated: 11469932
	3148  -  MemoryUsage of job (MB)
	3222668  -  ResidentSetSize of job (KB)
...
006 (7130.000.000) 2023-06-22 14:31:09 Image size of job updated: 11539116
	3212  -  MemoryUsage of job (MB)
	3288880  -  ResidentSetSize of job (KB)
...
006 (7130.000.000) 2023-06-22 14:36:09 Image size of job updated: 11568396
	3243  -  MemoryUsage of job (MB)
	3320756  -  ResidentSetSize of job (KB)
...
006 (7130.000.000) 2023-06-22 14:41:10 Image size of job updated: 11618856
	3293  -  MemoryUsage of job (MB)
	3371268  -  ResidentSetSize of job (KB)
...
006 (7130.000.000) 2023-06-22 14:46:10 Image size of job updated: 11688088
	3362  -  MemoryUsage of job (MB)
	3442356  -  ResidentSetSize of job (KB)
...
006 (7130.000.000) 2023-06-22 14:51:10 Image size of job updated: 11703448
	3379  -  MemoryUsage of job (MB)
	3459980  -  ResidentSetSize of job (KB)
...
006 (7130.000.000) 2023-06-22 14:56:11 Image size of job updated: 11783116
	3458  -  MemoryUsage of job (MB)
	3539992  -  ResidentSetSize of job (KB)
...
006 (7130.000.000) 2023-06-22 15:01:12 Image size of job updated: 11842816
	3518  -  MemoryUsage of job (MB)
	3601484  -  ResidentSetSize of job (KB)
...
006 (7130.000.000) 2023-06-22 15:06:12 Image size of job updated: 11866184
	3537  -  MemoryUsage of job (MB)
	3621760  -  ResidentSetSize of job (KB)
...
006 (7130.000.000) 2023-06-22 15:11:12 Image size of job updated: 11912380
	3586  -  MemoryUsage of job (MB)
	3671536  -  ResidentSetSize of job (KB)
...
006 (7130.000.000) 2023-06-22 15:16:14 Image size of job updated: 11963900
	3630  -  MemoryUsage of job (MB)
	3716556  -  ResidentSetSize of job (KB)
...
006 (7130.000.000) 2023-06-22 15:21:14 Image size of job updated: 12013356
	3680  -  MemoryUsage of job (MB)
	3767740  -  ResidentSetSize of job (KB)
...
006 (7130.000.000) 2023-06-22 15:26:14 Image size of job updated: 12102384
	3765  -  MemoryUsage of job (MB)
	3854452  -  ResidentSetSize of job (KB)
...
006 (7130.000.000) 2023-06-22 15:31:15 Image size of job updated: 12128208
	3795  -  MemoryUsage of job (MB)
	3885148  -  ResidentSetSize of job (KB)
...
006 (7130.000.000) 2023-06-22 15:36:16 Image size of job updated: 12248760
	3910  -  MemoryUsage of job (MB)
	4003312  -  ResidentSetSize of job (KB)
...
006 (7130.000.000) 2023-06-22 15:41:16 Image size of job updated: 12286644
	3937  -  MemoryUsage of job (MB)
	4031372  -  ResidentSetSize of job (KB)
...
006 (7130.000.000) 2023-06-22 15:46:16 Image size of job updated: 12309412
	3970  -  MemoryUsage of job (MB)
	4064764  -  ResidentSetSize of job (KB)
...
006 (7130.000.000) 2023-06-22 15:51:18 Image size of job updated: 12344980
	4004  -  MemoryUsage of job (MB)
	4099320  -  ResidentSetSize of job (KB)
...
